<?xml version="1.0" encoding="UTF-8"?>
<testsuite name="packt.java11.bulkorder.ProductInformationControllerTest" tests="2" skipped="2" failures="0" errors="0" timestamp="2018-08-30T14:35:02" hostname="EPCHZURW0149" time="0.001">
  <properties/>
  <testcase name="noParamGreetingShouldReturnDefaultMessage" classname="packt.java11.bulkorder.ProductInformationControllerTest" time="0.0">
    <skipped/>
  </testcase>
  <testcase name="paramGreetingShouldReturnTailoredMessage" classname="packt.java11.bulkorder.ProductInformationControllerTest" time="0.0">
    <skipped/>
  </testcase>
  <system-out><![CDATA[16:35:01.861 [Test worker] DEBUG org.springframework.test.context.junit4.SpringJUnit4ClassRunner - SpringJUnit4ClassRunner constructor called with [class packt.java11.bulkorder.ProductInformationControllerTest]
16:35:01.879 [Test worker] DEBUG org.springframework.test.context.BootstrapUtils - Instantiating CacheAwareContextLoaderDelegate from class [org.springframework.test.context.cache.DefaultCacheAwareContextLoaderDelegate]
16:35:01.890 [Test worker] DEBUG org.springframework.test.context.BootstrapUtils - Instantiating BootstrapContext using constructor [public org.springframework.test.context.support.DefaultBootstrapContext(java.lang.Class,org.springframework.test.context.CacheAwareContextLoaderDelegate)]
16:35:01.912 [Test worker] DEBUG org.springframework.test.context.BootstrapUtils - Instantiating TestContextBootstrapper for test class [packt.java11.bulkorder.ProductInformationControllerTest] from class [org.springframework.boot.test.context.SpringBootTestContextBootstrapper]
16:35:01.929 [Test worker] INFO org.springframework.boot.test.context.SpringBootTestContextBootstrapper - Neither @ContextConfiguration nor @ContextHierarchy found for test class [packt.java11.bulkorder.ProductInformationControllerTest], using SpringBootContextLoader
16:35:01.935 [Test worker] DEBUG org.springframework.test.context.support.AbstractContextLoader - Did not detect default resource location for test class [packt.java11.bulkorder.ProductInformationControllerTest]: class path resource [packt/java11/bulkorder/ProductInformationControllerTest-context.xml] does not exist
16:35:01.936 [Test worker] DEBUG org.springframework.test.context.support.AbstractContextLoader - Did not detect default resource location for test class [packt.java11.bulkorder.ProductInformationControllerTest]: class path resource [packt/java11/bulkorder/ProductInformationControllerTestContext.groovy] does not exist
16:35:01.936 [Test worker] INFO org.springframework.test.context.support.AbstractContextLoader - Could not detect default resource locations for test class [packt.java11.bulkorder.ProductInformationControllerTest]: no resource found for suffixes {-context.xml, Context.groovy}.
16:35:02.060 [Test worker] DEBUG org.springframework.boot.test.context.SpringBootTestContextBootstrapper - @TestExecutionListeners is not present for class [packt.java11.bulkorder.ProductInformationControllerTest]: using defaults.
16:35:02.066 [Test worker] INFO org.springframework.boot.test.context.SpringBootTestContextBootstrapper - Loaded default TestExecutionListener class names from location [META-INF/spring.factories]: [org.springframework.boot.test.autoconfigure.restdocs.RestDocsTestExecutionListener, org.springframework.boot.test.autoconfigure.web.client.MockRestServiceServerResetTestExecutionListener, org.springframework.boot.test.autoconfigure.web.servlet.MockMvcPrintOnlyOnFailureTestExecutionListener, org.springframework.boot.test.autoconfigure.web.servlet.WebDriverTestExecutionListener, org.springframework.boot.test.mock.mockito.MockitoTestExecutionListener, org.springframework.boot.test.mock.mockito.ResetMocksTestExecutionListener, org.springframework.test.context.web.ServletTestExecutionListener, org.springframework.test.context.support.DirtiesContextBeforeModesTestExecutionListener, org.springframework.test.context.support.DependencyInjectionTestExecutionListener, org.springframework.test.context.support.DirtiesContextTestExecutionListener, org.springframework.test.context.transaction.TransactionalTestExecutionListener, org.springframework.test.context.jdbc.SqlScriptsTestExecutionListener]
16:35:02.080 [Test worker] INFO org.springframework.boot.test.context.SpringBootTestContextBootstrapper - Could not instantiate TestExecutionListener [org.springframework.test.context.transaction.TransactionalTestExecutionListener]. Specify custom listener classes or make the default listener classes (and their required dependencies) available. Offending class: [org/springframework/transaction/interceptor/TransactionAttributeSource]
16:35:02.082 [Test worker] INFO org.springframework.boot.test.context.SpringBootTestContextBootstrapper - Could not instantiate TestExecutionListener [org.springframework.test.context.jdbc.SqlScriptsTestExecutionListener]. Specify custom listener classes or make the default listener classes (and their required dependencies) available. Offending class: [org/springframework/transaction/interceptor/TransactionAttribute]
16:35:02.086 [Test worker] INFO org.springframework.boot.test.context.SpringBootTestContextBootstrapper - Using TestExecutionListeners: [org.springframework.test.context.web.ServletTestExecutionListener@59acac5b, org.springframework.test.context.support.DirtiesContextBeforeModesTestExecutionListener@15960352, org.springframework.boot.test.autoconfigure.SpringBootDependencyInjectionTestExecutionListener@2beeeb42, org.springframework.test.context.support.DirtiesContextTestExecutionListener@412a6740, org.springframework.boot.test.autoconfigure.web.client.MockRestServiceServerResetTestExecutionListener@7dd8d54a, org.springframework.boot.test.autoconfigure.web.servlet.WebDriverTestExecutionListener@5871c530, org.springframework.boot.test.autoconfigure.web.servlet.MockMvcPrintOnlyOnFailureTestExecutionListener@4198187, org.springframework.boot.test.autoconfigure.restdocs.RestDocsTestExecutionListener@161be623, org.springframework.boot.test.mock.mockito.MockitoTestExecutionListener@2dd2032f, org.springframework.boot.test.mock.mockito.ResetMocksTestExecutionListener@7b5c1be0]
16:35:02.091 [Test worker] DEBUG org.springframework.test.annotation.ProfileValueUtils - Retrieved @ProfileValueSourceConfiguration [null] for test class [packt.java11.bulkorder.ProductInformationControllerTest]
16:35:02.092 [Test worker] DEBUG org.springframework.test.annotation.ProfileValueUtils - Retrieved ProfileValueSource type [class org.springframework.test.annotation.SystemProfileValueSource] for class [packt.java11.bulkorder.ProductInformationControllerTest]
16:35:02.093 [Test worker] DEBUG org.springframework.test.annotation.ProfileValueUtils - Retrieved @ProfileValueSourceConfiguration [null] for test class [packt.java11.bulkorder.ProductInformationControllerTest]
16:35:02.093 [Test worker] DEBUG org.springframework.test.annotation.ProfileValueUtils - Retrieved ProfileValueSource type [class org.springframework.test.annotation.SystemProfileValueSource] for class [packt.java11.bulkorder.ProductInformationControllerTest]
]]></system-out>
  <system-err><![CDATA[]]></system-err>
</testsuite>
