<?xml version="1.0" encoding="UTF-8"?>
<testsuite name="packt.java11.mastermind.integration.IntegrationTest" tests="1" skipped="1" failures="0" errors="0" timestamp="2018-08-29T11:58:34" hostname="EPCHZURW0149" time="0.0">
  <properties/>
  <testcase name="testSimpleGame" classname="packt.java11.mastermind.integration.IntegrationTest" time="0.0">
    <skipped/>
  </testcase>
  <system-out><![CDATA[]]></system-out>
  <system-err><![CDATA[]]></system-err>
</testsuite>
